[2012-07-04 13-53-11] PDOException: SQLSTATE[42S02]: Base table or view not found: 1146 Table 'd21251_master.todo' doesn't exist in /data/web/virtuals/21251/virtual/www/subdom/beta/libs/Nette/loader.php:3448  @  http://beta.mujkancl.cz/summary/  @@  exception-2012-07-04-13-53-11-34f149ff411fa00e7043410cd21ff34c.html
[2012-07-04 14-01-13] PHP Notice: Trying to get property of non-object in /data/web/virtuals/21251/virtual/www/subdom/app/temp/cache/_Nette.FileTemplate/_Projects.show.latte-fc48dd41e63f6f9b07a864ca3b3009cd.php:15  @  http://app.mujkancl.cz/projects/show?project_id=7
[2012-07-04 14-01-13] PHP Notice: Trying to get property of non-object in /data/web/virtuals/21251/virtual/www/subdom/app/temp/cache/_Nette.FileTemplate/_Projects.show.latte-fc48dd41e63f6f9b07a864ca3b3009cd.php:60  @  http://app.mujkancl.cz/projects/show?project_id=7
[2012-07-04 14-01-23] PHP Notice: Trying to get property of non-object in /data/web/virtuals/21251/virtual/www/subdom/app/temp/cache/_Nette.FileTemplate/_Projects.show.latte-fc48dd41e63f6f9b07a864ca3b3009cd.php:15  @  http://app.mujkancl.cz/projects/show?project_id=7
[2012-07-04 14-01-23] PHP Notice: Trying to get property of non-object in /data/web/virtuals/21251/virtual/www/subdom/app/temp/cache/_Nette.FileTemplate/_Projects.show.latte-fc48dd41e63f6f9b07a864ca3b3009cd.php:60  @  http://app.mujkancl.cz/projects/show?project_id=7
[2012-07-04 14-01-27] PHP Notice: Trying to get property of non-object in /data/web/virtuals/21251/virtual/www/subdom/app/temp/cache/_Nette.FileTemplate/_Projects.newTask.latte-ef1506da9902b38a6a87085ba1c624fc.php:16  @  http://app.mujkancl.cz/projects/new-task
[2012-07-04 14-01-27] PHP Notice: Trying to get property of non-object in /data/web/virtuals/21251/virtual/www/subdom/app/temp/cache/_Nette.FileTemplate/_Projects.newTask.latte-ef1506da9902b38a6a87085ba1c624fc.php:17  @  http://app.mujkancl.cz/projects/new-task
[2012-07-04 14-01-30] PHP Notice: Trying to get property of non-object in /data/web/virtuals/21251/virtual/www/subdom/app/temp/cache/_Nette.FileTemplate/_Projects.show.latte-fc48dd41e63f6f9b07a864ca3b3009cd.php:15  @  http://app.mujkancl.cz/projects/show?project_id=7
[2012-07-04 14-01-30] PHP Notice: Trying to get property of non-object in /data/web/virtuals/21251/virtual/www/subdom/app/temp/cache/_Nette.FileTemplate/_Projects.show.latte-fc48dd41e63f6f9b07a864ca3b3009cd.php:60  @  http://app.mujkancl.cz/projects/show?project_id=7
[2012-07-04 14-02-15] PHP Notice: Trying to get property of non-object in /data/web/virtuals/21251/virtual/www/subdom/app/temp/cache/_Nette.FileTemplate/_Projects.show.latte-fc48dd41e63f6f9b07a864ca3b3009cd.php:15  @  http://app.mujkancl.cz/projects/show?project_id=7
[2012-07-04 14-02-15] PHP Notice: Trying to get property of non-object in /data/web/virtuals/21251/virtual/www/subdom/app/temp/cache/_Nette.FileTemplate/_Projects.show.latte-fc48dd41e63f6f9b07a864ca3b3009cd.php:60  @  http://app.mujkancl.cz/projects/show?project_id=7
[2012-07-04 14-03-23] PHP Notice: Trying to get property of non-object in /data/web/virtuals/21251/virtual/www/subdom/app/temp/cache/_Nette.FileTemplate/_Projects.show.latte-fc48dd41e63f6f9b07a864ca3b3009cd.php:15  @  http://app.mujkancl.cz/projects/show?project_id=7
[2012-07-04 14-03-23] PHP Notice: Trying to get property of non-object in /data/web/virtuals/21251/virtual/www/subdom/app/temp/cache/_Nette.FileTemplate/_Projects.show.latte-fc48dd41e63f6f9b07a864ca3b3009cd.php:60  @  http://app.mujkancl.cz/projects/show?project_id=7
[2012-07-04 14-03-25] PHP Notice: Trying to get property of non-object in /data/web/virtuals/21251/virtual/www/subdom/app/temp/cache/_Nette.FileTemplate/_Projects.show.latte-fc48dd41e63f6f9b07a864ca3b3009cd.php:15  @  http://app.mujkancl.cz/projects/show?project_id=7
[2012-07-04 14-03-25] PHP Notice: Trying to get property of non-object in /data/web/virtuals/21251/virtual/www/subdom/app/temp/cache/_Nette.FileTemplate/_Projects.show.latte-fc48dd41e63f6f9b07a864ca3b3009cd.php:60  @  http://app.mujkancl.cz/projects/show?project_id=7
[2012-07-04 14-04-48] PHP Notice: Trying to get property of non-object in /data/web/virtuals/21251/virtual/www/subdom/app/temp/cache/_Nette.FileTemplate/_Projects.show.latte-fc48dd41e63f6f9b07a864ca3b3009cd.php:15  @  http://app.mujkancl.cz/projects/show?project_id=7
[2012-07-04 14-04-48] PHP Notice: Trying to get property of non-object in /data/web/virtuals/21251/virtual/www/subdom/app/temp/cache/_Nette.FileTemplate/_Projects.show.latte-fc48dd41e63f6f9b07a864ca3b3009cd.php:60  @  http://app.mujkancl.cz/projects/show?project_id=7
[2012-07-04 14-04-50] PHP Notice: Trying to get property of non-object in /data/web/virtuals/21251/virtual/www/subdom/app/temp/cache/_Nette.FileTemplate/_Projects.show.latte-fc48dd41e63f6f9b07a864ca3b3009cd.php:15  @  http://app.mujkancl.cz/projects/show?project_id=7
[2012-07-04 14-04-50] PHP Notice: Trying to get property of non-object in /data/web/virtuals/21251/virtual/www/subdom/app/temp/cache/_Nette.FileTemplate/_Projects.show.latte-fc48dd41e63f6f9b07a864ca3b3009cd.php:60  @  http://app.mujkancl.cz/projects/show?project_id=7
[2012-07-06 11-54-11] PHP Notice: Undefined variable: user in /data/web/virtuals/21251/virtual/www/subdom/app/app/presenters/ProjectsPresenter.php:194  @  http://app.mujkancl.cz/projects/new
[2012-07-06 11-54-11] PHP Notice: Trying to get property of non-object in /data/web/virtuals/21251/virtual/www/subdom/app/app/presenters/ProjectsPresenter.php:194  @  http://app.mujkancl.cz/projects/new
[2012-07-06 11-54-15] PHP Notice: Undefined variable: user in /data/web/virtuals/21251/virtual/www/subdom/app/app/presenters/ProjectsPresenter.php:194  @  http://app.mujkancl.cz/projects/new
[2012-07-06 11-54-15] PHP Notice: Trying to get property of non-object in /data/web/virtuals/21251/virtual/www/subdom/app/app/presenters/ProjectsPresenter.php:194  @  http://app.mujkancl.cz/projects/new
[2012-07-06 11-54-15] PDOException: SQLSTATE[23000]: Integrity constraint violation: 1452 Cannot add or update a child row: a foreign key constraint fails (`d21251_master`.`projects`, CONSTRAINT `projects_ibfk_4` FOREIGN KEY (`client_user_id`) REFERENCES `users` (`id_user`) ON DELETE CASCADE ON UPDATE CASCADE) in /data/web/virtuals/21251/virtual/www/subdom/app/libs/Nette/loader.php:3448  @  http://app.mujkancl.cz/projects/new  @@  exception-2012-07-06-11-54-15-1678a1315b47ab3661b7c25215e1ccab.html
[2012-07-06 11-54-21] PHP Notice: Undefined variable: user in /data/web/virtuals/21251/virtual/www/subdom/app/app/presenters/ProjectsPresenter.php:194  @  http://app.mujkancl.cz/projects/new
[2012-07-06 11-54-21] PHP Notice: Trying to get property of non-object in /data/web/virtuals/21251/virtual/www/subdom/app/app/presenters/ProjectsPresenter.php:194  @  http://app.mujkancl.cz/projects/new
[2012-07-07 09-42-10] PHP Notice: Undefined variable: user in /data/web/virtuals/21251/virtual/www/subdom/app/app/presenters/ProjectsPresenter.php:194  @  http://app.mujkancl.cz/projects/new
[2012-07-07 09-42-10] PHP Notice: Trying to get property of non-object in /data/web/virtuals/21251/virtual/www/subdom/app/app/presenters/ProjectsPresenter.php:194  @  http://app.mujkancl.cz/projects/new
[2012-07-07 09-42-24] PHP Notice: Undefined variable: user in /data/web/virtuals/21251/virtual/www/subdom/app/app/presenters/ProjectsPresenter.php:194  @  http://app.mujkancl.cz/projects/new
[2012-07-07 09-42-24] PHP Notice: Trying to get property of non-object in /data/web/virtuals/21251/virtual/www/subdom/app/app/presenters/ProjectsPresenter.php:194  @  http://app.mujkancl.cz/projects/new
[2012-07-09 15-05-06] PDOException: SQLSTATE[23000]: Integrity constraint violation: 1452 Cannot add or update a child row: a foreign key constraint fails (`d21251_master`.`projects`, CONSTRAINT `projects_ibfk_4` FOREIGN KEY (`client_user_id`) REFERENCES `users` (`id_user`) ON DELETE CASCADE ON UPDATE CASCADE) in /data/web/virtuals/21251/virtual/www/subdom/app/libs/Nette/loader.php:3448  @  http://app.mujkancl.cz/projects/edit/9  @@  exception-2012-07-09-15-05-06-10d7640e38561ac99c4f438f3b7994b9.html
[2012-07-09 15-05-37] PDOException: SQLSTATE[23000]: Integrity constraint violation: 1452 Cannot add or update a child row: a foreign key constraint fails (`d21251_master`.`projects`, CONSTRAINT `projects_ibfk_4` FOREIGN KEY (`client_user_id`) REFERENCES `users` (`id_user`) ON DELETE CASCADE ON UPDATE CASCADE) in /data/web/virtuals/21251/virtual/www/subdom/app/libs/Nette/loader.php:3448  @  http://app.mujkancl.cz/projects/edit/9  @@  exception-2012-07-09-15-05-06-10d7640e38561ac99c4f438f3b7994b9.html
[2012-07-09 15-06-11] PHP Notice: Undefined variable: user in /data/web/virtuals/21251/virtual/www/subdom/app/app/presenters/ProjectsPresenter.php:194  @  http://app.mujkancl.cz/projects/new
[2012-07-09 15-06-11] PHP Notice: Trying to get property of non-object in /data/web/virtuals/21251/virtual/www/subdom/app/app/presenters/ProjectsPresenter.php:194  @  http://app.mujkancl.cz/projects/new
[2012-07-09 15-06-23] PHP Notice: Undefined variable: user in /data/web/virtuals/21251/virtual/www/subdom/app/app/presenters/ProjectsPresenter.php:194  @  http://app.mujkancl.cz/projects/new
[2012-07-09 15-06-23] PHP Notice: Trying to get property of non-object in /data/web/virtuals/21251/virtual/www/subdom/app/app/presenters/ProjectsPresenter.php:194  @  http://app.mujkancl.cz/projects/new
[2012-07-09 15-06-23] PDOException: SQLSTATE[23000]: Integrity constraint violation: 1452 Cannot add or update a child row: a foreign key constraint fails (`d21251_master`.`projects`, CONSTRAINT `projects_ibfk_4` FOREIGN KEY (`client_user_id`) REFERENCES `users` (`id_user`) ON DELETE CASCADE ON UPDATE CASCADE) in /data/web/virtuals/21251/virtual/www/subdom/app/libs/Nette/loader.php:3448  @  http://app.mujkancl.cz/projects/new  @@  exception-2012-07-06-11-54-15-1678a1315b47ab3661b7c25215e1ccab.html
[2012-07-09 15-11-06] PHP Notice: Undefined variable: user in /data/web/virtuals/21251/virtual/www/subdom/app/app/presenters/ProjectsPresenter.php:194  @  http://app.mujkancl.cz/projects/new
[2012-07-09 15-11-06] PHP Notice: Trying to get property of non-object in /data/web/virtuals/21251/virtual/www/subdom/app/app/presenters/ProjectsPresenter.php:194  @  http://app.mujkancl.cz/projects/new
[2012-07-09 15-11-10] PHP Notice: Undefined variable: user in /data/web/virtuals/21251/virtual/www/subdom/app/app/presenters/ProjectsPresenter.php:194  @  http://app.mujkancl.cz/projects/new
[2012-07-09 15-11-10] PHP Notice: Trying to get property of non-object in /data/web/virtuals/21251/virtual/www/subdom/app/app/presenters/ProjectsPresenter.php:194  @  http://app.mujkancl.cz/projects/new
[2012-07-09 15-21-14] PHP Notice: Undefined variable: user in /data/web/virtuals/21251/virtual/www/subdom/app/app/presenters/ProjectsPresenter.php:194  @  http://app.mujkancl.cz/projects/new
[2012-07-09 15-21-14] PHP Notice: Trying to get property of non-object in /data/web/virtuals/21251/virtual/www/subdom/app/app/presenters/ProjectsPresenter.php:194  @  http://app.mujkancl.cz/projects/new
[2012-07-09 15-21-19] PHP Notice: Undefined variable: user in /data/web/virtuals/21251/virtual/www/subdom/app/app/presenters/ProjectsPresenter.php:194  @  http://app.mujkancl.cz/projects/new
[2012-07-09 15-21-19] PHP Notice: Trying to get property of non-object in /data/web/virtuals/21251/virtual/www/subdom/app/app/presenters/ProjectsPresenter.php:194  @  http://app.mujkancl.cz/projects/new
[2012-07-09 15-21-22] PHP Notice: Undefined variable: user in /data/web/virtuals/21251/virtual/www/subdom/app/app/presenters/ProjectsPresenter.php:194  @  http://app.mujkancl.cz/projects/new
[2012-07-09 15-21-22] PHP Notice: Trying to get property of non-object in /data/web/virtuals/21251/virtual/www/subdom/app/app/presenters/ProjectsPresenter.php:194  @  http://app.mujkancl.cz/projects/new
[2012-07-09 15-21-25] PHP Notice: Undefined variable: user in /data/web/virtuals/21251/virtual/www/subdom/app/app/presenters/ProjectsPresenter.php:194  @  http://app.mujkancl.cz/projects/new
[2012-07-09 15-21-25] PHP Notice: Trying to get property of non-object in /data/web/virtuals/21251/virtual/www/subdom/app/app/presenters/ProjectsPresenter.php:194  @  http://app.mujkancl.cz/projects/new
[2012-07-13 09-05-40] PHP Notice: Undefined variable: user in /data/web/virtuals/21251/virtual/www/subdom/app/app/presenters/ProjectsPresenter.php:194  @  http://app.mujkancl.cz/projects/new
[2012-07-13 09-05-40] PHP Notice: Trying to get property of non-object in /data/web/virtuals/21251/virtual/www/subdom/app/app/presenters/ProjectsPresenter.php:194  @  http://app.mujkancl.cz/projects/new
[2012-07-13 09-06-47] PHP Notice: Undefined variable: user in /data/web/virtuals/21251/virtual/www/subdom/app/app/presenters/ProjectsPresenter.php:194  @  http://app.mujkancl.cz/projects/new
[2012-07-13 09-06-47] PHP Notice: Trying to get property of non-object in /data/web/virtuals/21251/virtual/www/subdom/app/app/presenters/ProjectsPresenter.php:194  @  http://app.mujkancl.cz/projects/new
[2012-07-13 12-54-00] PHP Notice: Undefined variable: user in /data/web/virtuals/21251/virtual/www/subdom/app/app/presenters/ProjectsPresenter.php:194  @  http://app.mujkancl.cz/projects/new
[2012-07-13 12-54-00] PHP Notice: Trying to get property of non-object in /data/web/virtuals/21251/virtual/www/subdom/app/app/presenters/ProjectsPresenter.php:194  @  http://app.mujkancl.cz/projects/new
[2012-07-13 12-54-10] PHP Notice: Undefined variable: user in /data/web/virtuals/21251/virtual/www/subdom/app/app/presenters/ProjectsPresenter.php:194  @  http://app.mujkancl.cz/projects/new
[2012-07-13 12-54-10] PHP Notice: Trying to get property of non-object in /data/web/virtuals/21251/virtual/www/subdom/app/app/presenters/ProjectsPresenter.php:194  @  http://app.mujkancl.cz/projects/new
[2012-07-14 14-21-56] Nette\MemberAccessException: Call to undefined method Projects::taskAsPaid(). in /data/web/virtuals/21251/virtual/www/subdom/app/libs/Nette/loader.php:2822  @  http://app.mujkancl.cz/projects/task-as-paid?project_id=7&task_id=13&paid=0  @@  exception-2012-07-14-14-21-56-32de89f93c7744612882b37d066442d1.html
[2012-07-14 14-22-00] Nette\MemberAccessException: Call to undefined method Projects::taskAsPaid(). in /data/web/virtuals/21251/virtual/www/subdom/app/libs/Nette/loader.php:2822  @  http://app.mujkancl.cz/projects/task-as-paid?project_id=7&task_id=13&paid=0  @@  exception-2012-07-14-14-21-56-32de89f93c7744612882b37d066442d1.html
[2012-07-14 14-22-09] Nette\MemberAccessException: Call to undefined method Projects::taskAsPaid(). in /data/web/virtuals/21251/virtual/www/subdom/app/libs/Nette/loader.php:2822  @  http://app.mujkancl.cz/projects/task-as-paid?project_id=7&task_id=13&paid=0  @@  exception-2012-07-14-14-21-56-32de89f93c7744612882b37d066442d1.html
[2012-07-14 14-22-27] Nette\MemberAccessException: Call to undefined method Projects::taskAsPaid(). in /data/web/virtuals/21251/virtual/www/subdom/app/libs/Nette/loader.php:2822  @  http://app.mujkancl.cz/projects/task-as-paid?project_id=7&task_id=13&paid=0  @@  exception-2012-07-14-14-21-56-32de89f93c7744612882b37d066442d1.html
[2012-07-14 14-22-28] Nette\MemberAccessException: Call to undefined method Projects::taskAsPaid(). in /data/web/virtuals/21251/virtual/www/subdom/app/libs/Nette/loader.php:2822  @  http://app.mujkancl.cz/projects/task-as-paid?project_id=7&task_id=13&paid=0  @@  exception-2012-07-14-14-21-56-32de89f93c7744612882b37d066442d1.html
[2012-07-14 14-22-29] Nette\MemberAccessException: Call to undefined method Projects::taskAsPaid(). in /data/web/virtuals/21251/virtual/www/subdom/app/libs/Nette/loader.php:2822  @  http://app.mujkancl.cz/projects/task-as-paid?project_id=7&task_id=13&paid=0  @@  exception-2012-07-14-14-21-56-32de89f93c7744612882b37d066442d1.html
[2012-07-14 16-39-10] Nette\MemberAccessException: Call to undefined method SystemContainer::createWarehouse(). in /data/web/virtuals/21251/virtual/www/subdom/app/libs/Nette/loader.php:2822  @  http://app.mujkancl.cz/warehouse/  @@  exception-2012-07-14-16-39-10-8c6f780040756273f695a81204fe729d.html
[2012-07-15 18-19-25] Nette\MemberAccessException: Call to undefined method SystemContainer::createWarehouse(). in /data/web/virtuals/21251/virtual/www/subdom/app/libs/Nette/loader.php:2822  @  http://app.mujkancl.cz/warehouse/  @@  exception-2012-07-14-16-39-10-8c6f780040756273f695a81204fe729d.html
[2012-07-16 12-35-08] Nette\MemberAccessException: Call to undefined method SystemContainer::createWarehouse(). in /data/web/virtuals/21251/virtual/www/subdom/app/libs/Nette/loader.php:2822  @  http://app.mujkancl.cz/warehouse/  @@  exception-2012-07-14-16-39-10-8c6f780040756273f695a81204fe729d.html
[2012-07-16 14-04-24] Nette\MemberAccessException: Call to undefined method SystemContainer::createWarehouse(). in /data/web/virtuals/21251/virtual/www/subdom/app/libs/Nette/loader.php:2822  @  http://app.mujkancl.cz/warehouse/  @@  exception-2012-07-14-16-39-10-8c6f780040756273f695a81204fe729d.html
[2012-07-16 14-05-26] Nette\MemberAccessException: Call to undefined method SystemContainer::createWarehouse(). in /data/web/virtuals/21251/virtual/www/subdom/app/libs/Nette/loader.php:2822  @  http://app.mujkancl.cz/warehouse/  @@  exception-2012-07-14-16-39-10-8c6f780040756273f695a81204fe729d.html
[2012-07-16 14-33-29] Nette\MemberAccessException: Call to undefined method SystemContainer::createWarehouse(). in /data/web/virtuals/21251/virtual/www/subdom/app/libs/Nette/loader.php:2822  @  http://app.mujkancl.cz/warehouse/  @@  exception-2012-07-14-16-39-10-8c6f780040756273f695a81204fe729d.html
[2012-07-16 17-48-46] Nette\MemberAccessException: Call to undefined method SystemContainer::createWarehouse(). in /data/web/virtuals/21251/virtual/www/subdom/app/libs/Nette/loader.php:2822  @  http://app.mujkancl.cz/warehouse/  @@  exception-2012-07-14-16-39-10-8c6f780040756273f695a81204fe729d.html
[2012-07-16 19-10-10] Nette\MemberAccessException: Call to undefined method SystemContainer::createWarehouse(). in /data/web/virtuals/21251/virtual/www/subdom/app/libs/Nette/loader.php:2822  @  http://app.mujkancl.cz/warehouse/  @@  exception-2012-07-14-16-39-10-8c6f780040756273f695a81204fe729d.html
[2012-07-16 19-10-13] Nette\MemberAccessException: Call to undefined method SystemContainer::createWarehouse(). in /data/web/virtuals/21251/virtual/www/subdom/app/libs/Nette/loader.php:2822  @  http://app.mujkancl.cz/warehouse/  @@  exception-2012-07-14-16-39-10-8c6f780040756273f695a81204fe729d.html
[2012-07-16 19-24-27] Nette\MemberAccessException: Call to undefined method SystemContainer::createWarehouse(). in /data/web/virtuals/21251/virtual/www/subdom/app/libs/Nette/loader.php:2822  @  http://app.mujkancl.cz/warehouse/  @@  exception-2012-07-14-16-39-10-8c6f780040756273f695a81204fe729d.html
[2012-07-16 22-10-58] Nette\MemberAccessException: Call to undefined method SystemContainer::createWarehouse(). in /data/web/virtuals/21251/virtual/www/subdom/app/libs/Nette/loader.php:2822  @  http://app.mujkancl.cz/warehouse/  @@  exception-2012-07-14-16-39-10-8c6f780040756273f695a81204fe729d.html
[2012-07-17 22-36-02] Nette\MemberAccessException: Call to undefined method SystemContainer::createWarehouse(). in /data/web/virtuals/21251/virtual/www/subdom/app/libs/Nette/loader.php:2822  @  http://app.mujkancl.cz/warehouse/  @@  exception-2012-07-14-16-39-10-8c6f780040756273f695a81204fe729d.html
[2012-07-18 12-30-00] Nette\MemberAccessException: Call to undefined method SystemContainer::createWarehouse(). in /data/web/virtuals/21251/virtual/www/subdom/app/libs/Nette/loader.php:2822  @  http://app.mujkancl.cz/warehouse/  @@  exception-2012-07-14-16-39-10-8c6f780040756273f695a81204fe729d.html
[2012-07-18 14-39-47] Nette\MemberAccessException: Call to undefined method SystemContainer::createWarehouse(). in /data/web/virtuals/21251/virtual/www/subdom/app/libs/Nette/loader.php:2822  @  http://app.mujkancl.cz/warehouse/  @@  exception-2012-07-14-16-39-10-8c6f780040756273f695a81204fe729d.html
[2012-07-18 14-39-50] Nette\MemberAccessException: Call to undefined method SystemContainer::createWarehouse(). in /data/web/virtuals/21251/virtual/www/subdom/app/libs/Nette/loader.php:2822  @  http://app.mujkancl.cz/warehouse/  @@  exception-2012-07-14-16-39-10-8c6f780040756273f695a81204fe729d.html
[2012-07-19 08-59-30] Nette\MemberAccessException: Call to undefined method SystemContainer::createWarehouse(). in /data/web/virtuals/21251/virtual/www/subdom/app/libs/Nette/loader.php:2822  @  http://app.mujkancl.cz/warehouse/  @@  exception-2012-07-14-16-39-10-8c6f780040756273f695a81204fe729d.html
[2012-07-20 15-41-52] PHP Notice: Trying to get property of non-object in /data/web/virtuals/21251/virtual/www/subdom/app/temp/cache/_Nette.FileTemplate/_Projects.task.latte-57a62d307e4e8469d07e585baca5a60a.php:16  @  http://app.mujkancl.cz/projects/task?task_id=7&project_id=12
[2012-07-20 15-41-52] PHP Notice: Trying to get property of non-object in /data/web/virtuals/21251/virtual/www/subdom/app/temp/cache/_Nette.FileTemplate/_Projects.task.latte-57a62d307e4e8469d07e585baca5a60a.php:17  @  http://app.mujkancl.cz/projects/task?task_id=7&project_id=12
[2012-07-20 15-41-53] PHP Notice: Trying to get property of non-object in /data/web/virtuals/21251/virtual/www/subdom/app/temp/cache/_Nette.FileTemplate/_Projects.task.latte-57a62d307e4e8469d07e585baca5a60a.php:18  @  http://app.mujkancl.cz/projects/task?task_id=7&project_id=12
[2012-07-20 15-41-53] PHP Notice: Trying to get property of non-object in /data/web/virtuals/21251/virtual/www/subdom/app/temp/cache/_Nette.FileTemplate/_Projects.task.latte-57a62d307e4e8469d07e585baca5a60a.php:42  @  http://app.mujkancl.cz/projects/task?task_id=7&project_id=12
[2012-07-20 15-41-53] PHP Notice: Trying to get property of non-object in /data/web/virtuals/21251/virtual/www/subdom/app/temp/cache/_Nette.FileTemplate/_Projects.task.latte-57a62d307e4e8469d07e585baca5a60a.php:46  @  http://app.mujkancl.cz/projects/task?task_id=7&project_id=12
[2012-07-20 15-41-53] PHP Notice: Trying to get property of non-object in /data/web/virtuals/21251/virtual/www/subdom/app/temp/cache/_Nette.FileTemplate/_Projects.task.latte-57a62d307e4e8469d07e585baca5a60a.php:50  @  http://app.mujkancl.cz/projects/task?task_id=7&project_id=12
[2012-07-20 15-41-53] PHP Notice: Trying to get property of non-object in /data/web/virtuals/21251/virtual/www/subdom/app/temp/cache/_Nette.FileTemplate/_Projects.task.latte-57a62d307e4e8469d07e585baca5a60a.php:72  @  http://app.mujkancl.cz/projects/task?task_id=7&project_id=12
[2012-07-20 15-41-53] PHP Notice: Trying to get property of non-object in /data/web/virtuals/21251/virtual/www/subdom/app/temp/cache/_Nette.FileTemplate/_Projects.task.latte-57a62d307e4e8469d07e585baca5a60a.php:83  @  http://app.mujkancl.cz/projects/task?task_id=7&project_id=12
[2012-07-20 15-41-53] PHP Notice: Trying to get property of non-object in /data/web/virtuals/21251/virtual/www/subdom/app/temp/cache/_Nette.FileTemplate/_Projects.task.latte-57a62d307e4e8469d07e585baca5a60a.php:98  @  http://app.mujkancl.cz/projects/task?task_id=7&project_id=12
[2012-07-20 15-41-53] PHP Notice: Trying to get property of non-object in /data/web/virtuals/21251/virtual/www/subdom/app/temp/cache/_Nette.FileTemplate/_Projects.task.latte-57a62d307e4e8469d07e585baca5a60a.php:99  @  http://app.mujkancl.cz/projects/task?task_id=7&project_id=12
[2012-07-20 15-41-53] PHP Notice: Trying to get property of non-object in /data/web/virtuals/21251/virtual/www/subdom/app/temp/cache/_Nette.FileTemplate/_Projects.task.latte-57a62d307e4e8469d07e585baca5a60a.php:109  @  http://app.mujkancl.cz/projects/task?task_id=7&project_id=12
[2012-07-20 15-41-53] PHP Notice: Trying to get property of non-object in /data/web/virtuals/21251/virtual/www/subdom/app/temp/cache/_Nette.FileTemplate/_Projects.task.latte-57a62d307e4e8469d07e585baca5a60a.php:140  @  http://app.mujkancl.cz/projects/task?task_id=7&project_id=12
[2012-07-20 15-41-59] PHP Notice: Trying to get property of non-object in /data/web/virtuals/21251/virtual/www/subdom/app/temp/cache/_Nette.FileTemplate/_Projects.task.latte-57a62d307e4e8469d07e585baca5a60a.php:16  @  http://app.mujkancl.cz/projects/task?task_id=7&project_id=8
[2012-07-20 15-41-59] PHP Notice: Trying to get property of non-object in /data/web/virtuals/21251/virtual/www/subdom/app/temp/cache/_Nette.FileTemplate/_Projects.task.latte-57a62d307e4e8469d07e585baca5a60a.php:17  @  http://app.mujkancl.cz/projects/task?task_id=7&project_id=8
[2012-07-20 15-41-59] PHP Notice: Trying to get property of non-object in /data/web/virtuals/21251/virtual/www/subdom/app/temp/cache/_Nette.FileTemplate/_Projects.task.latte-57a62d307e4e8469d07e585baca5a60a.php:18  @  http://app.mujkancl.cz/projects/task?task_id=7&project_id=8
[2012-07-20 15-41-59] PHP Notice: Trying to get property of non-object in /data/web/virtuals/21251/virtual/www/subdom/app/temp/cache/_Nette.FileTemplate/_Projects.task.latte-57a62d307e4e8469d07e585baca5a60a.php:42  @  http://app.mujkancl.cz/projects/task?task_id=7&project_id=8
[2012-07-20 15-41-59] PHP Notice: Trying to get property of non-object in /data/web/virtuals/21251/virtual/www/subdom/app/temp/cache/_Nette.FileTemplate/_Projects.task.latte-57a62d307e4e8469d07e585baca5a60a.php:46  @  http://app.mujkancl.cz/projects/task?task_id=7&project_id=8
[2012-07-20 15-41-59] PHP Notice: Trying to get property of non-object in /data/web/virtuals/21251/virtual/www/subdom/app/temp/cache/_Nette.FileTemplate/_Projects.task.latte-57a62d307e4e8469d07e585baca5a60a.php:50  @  http://app.mujkancl.cz/projects/task?task_id=7&project_id=8
[2012-07-20 15-41-59] PHP Notice: Trying to get property of non-object in /data/web/virtuals/21251/virtual/www/subdom/app/temp/cache/_Nette.FileTemplate/_Projects.task.latte-57a62d307e4e8469d07e585baca5a60a.php:72  @  http://app.mujkancl.cz/projects/task?task_id=7&project_id=8
[2012-07-20 15-41-59] PHP Notice: Trying to get property of non-object in /data/web/virtuals/21251/virtual/www/subdom/app/temp/cache/_Nette.FileTemplate/_Projects.task.latte-57a62d307e4e8469d07e585baca5a60a.php:83  @  http://app.mujkancl.cz/projects/task?task_id=7&project_id=8
[2012-07-20 15-41-59] PHP Notice: Trying to get property of non-object in /data/web/virtuals/21251/virtual/www/subdom/app/temp/cache/_Nette.FileTemplate/_Projects.task.latte-57a62d307e4e8469d07e585baca5a60a.php:98  @  http://app.mujkancl.cz/projects/task?task_id=7&project_id=8
[2012-07-20 15-41-59] PHP Notice: Trying to get property of non-object in /data/web/virtuals/21251/virtual/www/subdom/app/temp/cache/_Nette.FileTemplate/_Projects.task.latte-57a62d307e4e8469d07e585baca5a60a.php:99  @  http://app.mujkancl.cz/projects/task?task_id=7&project_id=8
[2012-07-20 15-41-59] PHP Notice: Trying to get property of non-object in /data/web/virtuals/21251/virtual/www/subdom/app/temp/cache/_Nette.FileTemplate/_Projects.task.latte-57a62d307e4e8469d07e585baca5a60a.php:109  @  http://app.mujkancl.cz/projects/task?task_id=7&project_id=8
[2012-07-20 15-41-59] PHP Notice: Trying to get property of non-object in /data/web/virtuals/21251/virtual/www/subdom/app/temp/cache/_Nette.FileTemplate/_Projects.task.latte-57a62d307e4e8469d07e585baca5a60a.php:140  @  http://app.mujkancl.cz/projects/task?task_id=7&project_id=8
[2012-07-20 15-42-07] PHP Notice: Trying to get property of non-object in /data/web/virtuals/21251/virtual/www/subdom/app/temp/cache/_Nette.FileTemplate/_Projects.task.latte-57a62d307e4e8469d07e585baca5a60a.php:16  @  http://app.mujkancl.cz/projects/task?task_id=1
[2012-07-20 15-42-07] PHP Notice: Trying to get property of non-object in /data/web/virtuals/21251/virtual/www/subdom/app/temp/cache/_Nette.FileTemplate/_Projects.task.latte-57a62d307e4e8469d07e585baca5a60a.php:17  @  http://app.mujkancl.cz/projects/task?task_id=1
[2012-07-20 15-42-07] PHP Notice: Trying to get property of non-object in /data/web/virtuals/21251/virtual/www/subdom/app/temp/cache/_Nette.FileTemplate/_Projects.task.latte-57a62d307e4e8469d07e585baca5a60a.php:18  @  http://app.mujkancl.cz/projects/task?task_id=1
[2012-07-20 15-42-07] PHP Notice: Trying to get property of non-object in /data/web/virtuals/21251/virtual/www/subdom/app/temp/cache/_Nette.FileTemplate/_Projects.task.latte-57a62d307e4e8469d07e585baca5a60a.php:42  @  http://app.mujkancl.cz/projects/task?task_id=1
[2012-07-20 15-42-07] PHP Notice: Trying to get property of non-object in /data/web/virtuals/21251/virtual/www/subdom/app/temp/cache/_Nette.FileTemplate/_Projects.task.latte-57a62d307e4e8469d07e585baca5a60a.php:46  @  http://app.mujkancl.cz/projects/task?task_id=1
[2012-07-20 15-42-07] PHP Notice: Trying to get property of non-object in /data/web/virtuals/21251/virtual/www/subdom/app/temp/cache/_Nette.FileTemplate/_Projects.task.latte-57a62d307e4e8469d07e585baca5a60a.php:50  @  http://app.mujkancl.cz/projects/task?task_id=1
[2012-07-20 15-42-07] PHP Notice: Trying to get property of non-object in /data/web/virtuals/21251/virtual/www/subdom/app/temp/cache/_Nette.FileTemplate/_Projects.task.latte-57a62d307e4e8469d07e585baca5a60a.php:72  @  http://app.mujkancl.cz/projects/task?task_id=1
[2012-07-20 15-42-07] PHP Notice: Trying to get property of non-object in /data/web/virtuals/21251/virtual/www/subdom/app/temp/cache/_Nette.FileTemplate/_Projects.task.latte-57a62d307e4e8469d07e585baca5a60a.php:83  @  http://app.mujkancl.cz/projects/task?task_id=1
[2012-07-20 15-42-07] PHP Notice: Trying to get property of non-object in /data/web/virtuals/21251/virtual/www/subdom/app/temp/cache/_Nette.FileTemplate/_Projects.task.latte-57a62d307e4e8469d07e585baca5a60a.php:98  @  http://app.mujkancl.cz/projects/task?task_id=1
[2012-07-20 15-42-07] PHP Notice: Trying to get property of non-object in /data/web/virtuals/21251/virtual/www/subdom/app/temp/cache/_Nette.FileTemplate/_Projects.task.latte-57a62d307e4e8469d07e585baca5a60a.php:99  @  http://app.mujkancl.cz/projects/task?task_id=1
[2012-07-20 15-42-07] PHP Notice: Trying to get property of non-object in /data/web/virtuals/21251/virtual/www/subdom/app/temp/cache/_Nette.FileTemplate/_Projects.task.latte-57a62d307e4e8469d07e585baca5a60a.php:109  @  http://app.mujkancl.cz/projects/task?task_id=1
[2012-07-20 15-42-07] PHP Notice: Trying to get property of non-object in /data/web/virtuals/21251/virtual/www/subdom/app/temp/cache/_Nette.FileTemplate/_Projects.task.latte-57a62d307e4e8469d07e585baca5a60a.php:140  @  http://app.mujkancl.cz/projects/task?task_id=1
[2012-07-20 15-42-09] PHP Notice: Trying to get property of non-object in /data/web/virtuals/21251/virtual/www/subdom/app/temp/cache/_Nette.FileTemplate/_Projects.task.latte-57a62d307e4e8469d07e585baca5a60a.php:16  @  http://app.mujkancl.cz/projects/task?task_id=1
[2012-07-20 15-42-09] PHP Notice: Trying to get property of non-object in /data/web/virtuals/21251/virtual/www/subdom/app/temp/cache/_Nette.FileTemplate/_Projects.task.latte-57a62d307e4e8469d07e585baca5a60a.php:17  @  http://app.mujkancl.cz/projects/task?task_id=1
[2012-07-20 15-42-09] PHP Notice: Trying to get property of non-object in /data/web/virtuals/21251/virtual/www/subdom/app/temp/cache/_Nette.FileTemplate/_Projects.task.latte-57a62d307e4e8469d07e585baca5a60a.php:18  @  http://app.mujkancl.cz/projects/task?task_id=1
[2012-07-20 15-42-09] PHP Notice: Trying to get property of non-object in /data/web/virtuals/21251/virtual/www/subdom/app/temp/cache/_Nette.FileTemplate/_Projects.task.latte-57a62d307e4e8469d07e585baca5a60a.php:42  @  http://app.mujkancl.cz/projects/task?task_id=1
[2012-07-20 15-42-09] PHP Notice: Trying to get property of non-object in /data/web/virtuals/21251/virtual/www/subdom/app/temp/cache/_Nette.FileTemplate/_Projects.task.latte-57a62d307e4e8469d07e585baca5a60a.php:46  @  http://app.mujkancl.cz/projects/task?task_id=1
[2012-07-20 15-42-09] PHP Notice: Trying to get property of non-object in /data/web/virtuals/21251/virtual/www/subdom/app/temp/cache/_Nette.FileTemplate/_Projects.task.latte-57a62d307e4e8469d07e585baca5a60a.php:50  @  http://app.mujkancl.cz/projects/task?task_id=1
[2012-07-20 15-42-09] PHP Notice: Trying to get property of non-object in /data/web/virtuals/21251/virtual/www/subdom/app/temp/cache/_Nette.FileTemplate/_Projects.task.latte-57a62d307e4e8469d07e585baca5a60a.php:72  @  http://app.mujkancl.cz/projects/task?task_id=1
[2012-07-20 15-42-09] PHP Notice: Trying to get property of non-object in /data/web/virtuals/21251/virtual/www/subdom/app/temp/cache/_Nette.FileTemplate/_Projects.task.latte-57a62d307e4e8469d07e585baca5a60a.php:83  @  http://app.mujkancl.cz/projects/task?task_id=1
[2012-07-20 15-42-09] PHP Notice: Trying to get property of non-object in /data/web/virtuals/21251/virtual/www/subdom/app/temp/cache/_Nette.FileTemplate/_Projects.task.latte-57a62d307e4e8469d07e585baca5a60a.php:98  @  http://app.mujkancl.cz/projects/task?task_id=1
[2012-07-20 15-42-09] PHP Notice: Trying to get property of non-object in /data/web/virtuals/21251/virtual/www/subdom/app/temp/cache/_Nette.FileTemplate/_Projects.task.latte-57a62d307e4e8469d07e585baca5a60a.php:99  @  http://app.mujkancl.cz/projects/task?task_id=1
[2012-07-20 15-42-09] PHP Notice: Trying to get property of non-object in /data/web/virtuals/21251/virtual/www/subdom/app/temp/cache/_Nette.FileTemplate/_Projects.task.latte-57a62d307e4e8469d07e585baca5a60a.php:109  @  http://app.mujkancl.cz/projects/task?task_id=1
[2012-07-20 15-42-09] PHP Notice: Trying to get property of non-object in /data/web/virtuals/21251/virtual/www/subdom/app/temp/cache/_Nette.FileTemplate/_Projects.task.latte-57a62d307e4e8469d07e585baca5a60a.php:140  @  http://app.mujkancl.cz/projects/task?task_id=1
[2012-07-23 16-06-45] PHP Notice: Undefined variable: project in /data/web/virtuals/21251/virtual/www/subdom/app/temp/cache/_Nette.FileTemplate/_Projects.edit.latte-7bcb4a40fd8108a48a7cf4c7e65c1687.php:27  @  http://app.mujkancl.cz/projects/edit/20
[2012-07-23 16-06-45] PHP Notice: Trying to get property of non-object in /data/web/virtuals/21251/virtual/www/subdom/app/temp/cache/_Nette.FileTemplate/_Projects.edit.latte-7bcb4a40fd8108a48a7cf4c7e65c1687.php:27  @  http://app.mujkancl.cz/projects/edit/20
[2012-07-23 16-06-45] PHP Notice: Undefined variable: clients in /data/web/virtuals/21251/virtual/www/subdom/app/temp/cache/_Nette.FileTemplate/_Projects.edit.latte-7bcb4a40fd8108a48a7cf4c7e65c1687.php:36  @  http://app.mujkancl.cz/projects/edit/20
[2012-07-23 16-06-45] PHP Warning: Invalid argument supplied for foreach() in /data/web/virtuals/21251/virtual/www/subdom/app/temp/cache/_Nette.FileTemplate/_Projects.edit.latte-7bcb4a40fd8108a48a7cf4c7e65c1687.php:36  @  http://app.mujkancl.cz/projects/edit/20
[2012-07-23 16-06-49] PHP Notice: Undefined variable: project in /data/web/virtuals/21251/virtual/www/subdom/app/temp/cache/_Nette.FileTemplate/_Projects.edit.latte-7bcb4a40fd8108a48a7cf4c7e65c1687.php:27  @  http://app.mujkancl.cz/projects/edit/20
[2012-07-23 16-06-49] PHP Notice: Trying to get property of non-object in /data/web/virtuals/21251/virtual/www/subdom/app/temp/cache/_Nette.FileTemplate/_Projects.edit.latte-7bcb4a40fd8108a48a7cf4c7e65c1687.php:27  @  http://app.mujkancl.cz/projects/edit/20
[2012-07-23 16-06-49] PHP Notice: Undefined variable: clients in /data/web/virtuals/21251/virtual/www/subdom/app/temp/cache/_Nette.FileTemplate/_Projects.edit.latte-7bcb4a40fd8108a48a7cf4c7e65c1687.php:36  @  http://app.mujkancl.cz/projects/edit/20
[2012-07-23 16-06-49] PHP Warning: Invalid argument supplied for foreach() in /data/web/virtuals/21251/virtual/www/subdom/app/temp/cache/_Nette.FileTemplate/_Projects.edit.latte-7bcb4a40fd8108a48a7cf4c7e65c1687.php:36  @  http://app.mujkancl.cz/projects/edit/20
